<?xml version="1.0" encoding="UTF-8"?>
<testsuite name="RecipesApplicationTest" tests="1" skipped="0" failures="0" errors="0" timestamp="2021-12-03T13:03:11" hostname="EMOZIKOV-NB" time="2.906">
  <properties/>
  <testcase name="start" classname="RecipesApplicationTest" time="2.906"/>
  <system-out><![CDATA[?[1;31m
Start test 1?[0m

  .   ____          _            __ _ _
 /\\ / ___'_ __ _ _(_)_ __  __ _ \ \ \ \
( ( )\___ | '_ | '_| | '_ \/ _` | \ \ \ \
 \\/  ___)| |_)| | | | | || (_| |  ) ) ) )
  '  |____| .__|_| |_|_| |_\__, | / / / /
 =========|_|==============|___/=/_/_/_/
 :: Spring Boot ::                (v2.5.6)

2021-12-03 16:03:12.447  INFO 4140 --- [    Test worker] recipes.RecipesApplication               : Starting RecipesApplication using Java 17.0.1 on EMozikov-nb with PID 4140 (started by EMozikov in C:\Users\emozikov\Downloads\Recipes\Recipes\task)
2021-12-03 16:03:12.450  INFO 4140 --- [    Test worker] recipes.RecipesApplication               : No active profile set, falling back to default profiles: default
2021-12-03 16:03:13.561  INFO 4140 --- [    Test worker] o.s.b.w.embedded.tomcat.TomcatWebServer  : Tomcat initialized with port(s): 8080 (http)
2021-12-03 16:03:13.575  INFO 4140 --- [    Test worker] o.apache.catalina.core.StandardService   : Starting service [Tomcat]
2021-12-03 16:03:13.576  INFO 4140 --- [    Test worker] org.apache.catalina.core.StandardEngine  : Starting Servlet engine: [Apache Tomcat/9.0.54]
2021-12-03 16:03:13.669  INFO 4140 --- [    Test worker] o.a.c.c.C.[Tomcat].[localhost].[/]       : Initializing Spring embedded WebApplicationContext
2021-12-03 16:03:13.669  INFO 4140 --- [    Test worker] w.s.c.ServletWebServerApplicationContext : Root WebApplicationContext: initialization completed in 1172 ms
2021-12-03 16:03:14.249  INFO 4140 --- [    Test worker] o.s.b.a.e.web.EndpointLinksResolver      : Exposing 1 endpoint(s) beneath base path '/actuator'
2021-12-03 16:03:14.285  INFO 4140 --- [    Test worker] o.s.b.w.embedded.tomcat.TomcatWebServer  : Tomcat started on port(s): 8080 (http) with context path ''
2021-12-03 16:03:14.300  INFO 4140 --- [    Test worker] recipes.RecipesApplication               : Started RecipesApplication in 2.152 seconds (JVM running for 2.783)
2021-12-03 16:03:14.632  INFO 4140 --- [nio-8080-exec-1] o.a.c.c.C.[Tomcat].[localhost].[/]       : Initializing Spring DispatcherServlet 'dispatcherServlet'
2021-12-03 16:03:14.633  INFO 4140 --- [nio-8080-exec-1] o.s.web.servlet.DispatcherServlet        : Initializing Servlet 'dispatcherServlet'
2021-12-03 16:03:14.635  INFO 4140 --- [nio-8080-exec-1] o.s.web.servlet.DispatcherServlet        : Completed initialization in 2 ms
?[1;31m
Start test 2?[0m
?[1;31m
Start test 3?[0m
?[1;31m
Start test 4?[0m
?[1;31m
Start test 5?[0m
]]></system-out>
  <system-err><![CDATA[]]></system-err>
</testsuite>
