<?xml version="1.0" encoding="UTF-8"?>
<testsuite name="RecipesApplicationTest" tests="1" skipped="0" failures="0" errors="0" timestamp="2021-12-02T14:08:28" hostname="EMOZIKOV-NB" time="2.717">
  <properties/>
  <testcase name="start" classname="RecipesApplicationTest" time="2.717"/>
  <system-out><![CDATA[?[1;31m
Start test 1?[0m

  .   ____          _            __ _ _
 /\\ / ___'_ __ _ _(_)_ __  __ _ \ \ \ \
( ( )\___ | '_ | '_| | '_ \/ _` | \ \ \ \
 \\/  ___)| |_)| | | | | || (_| |  ) ) ) )
  '  |____| .__|_| |_|_| |_\__, | / / / /
 =========|_|==============|___/=/_/_/_/
 :: Spring Boot ::                (v2.5.6)

2021-12-02 17:08:29.443  INFO 18424 --- [    Test worker] recipes.RecipesApplication               : Starting RecipesApplication using Java 17.0.1 on EMozikov-nb with PID 18424 (started by EMozikov in C:\Users\emozikov\Downloads\Recipes\Recipes\task)
2021-12-02 17:08:29.446  INFO 18424 --- [    Test worker] recipes.RecipesApplication               : No active profile set, falling back to default profiles: default
2021-12-02 17:08:30.573  INFO 18424 --- [    Test worker] o.s.b.w.embedded.tomcat.TomcatWebServer  : Tomcat initialized with port(s): 8080 (http)
2021-12-02 17:08:30.585  INFO 18424 --- [    Test worker] o.apache.catalina.core.StandardService   : Starting service [Tomcat]
2021-12-02 17:08:30.585  INFO 18424 --- [    Test worker] org.apache.catalina.core.StandardEngine  : Starting Servlet engine: [Apache Tomcat/9.0.54]
2021-12-02 17:08:30.671  INFO 18424 --- [    Test worker] o.a.c.c.C.[Tomcat].[localhost].[/]       : Initializing Spring embedded WebApplicationContext
2021-12-02 17:08:30.672  INFO 18424 --- [    Test worker] w.s.c.ServletWebServerApplicationContext : Root WebApplicationContext: initialization completed in 1177 ms
2021-12-02 17:08:31.196  INFO 18424 --- [    Test worker] o.s.b.a.e.web.EndpointLinksResolver      : Exposing 1 endpoint(s) beneath base path '/actuator'
2021-12-02 17:08:31.229  INFO 18424 --- [    Test worker] o.s.b.w.embedded.tomcat.TomcatWebServer  : Tomcat started on port(s): 8080 (http) with context path ''
2021-12-02 17:08:31.244  INFO 18424 --- [    Test worker] recipes.RecipesApplication               : Started RecipesApplication in 2.095 seconds (JVM running for 2.655)
2021-12-02 17:08:31.544  INFO 18424 --- [nio-8080-exec-1] o.a.c.c.C.[Tomcat].[localhost].[/]       : Initializing Spring DispatcherServlet 'dispatcherServlet'
2021-12-02 17:08:31.544  INFO 18424 --- [nio-8080-exec-1] o.s.web.servlet.DispatcherServlet        : Initializing Servlet 'dispatcherServlet'
2021-12-02 17:08:31.546  INFO 18424 --- [nio-8080-exec-1] o.s.web.servlet.DispatcherServlet        : Completed initialization in 1 ms
?[1;31m
Start test 2?[0m
?[1;31m
Start test 3?[0m
?[1;31m
Start test 4?[0m
]]></system-out>
  <system-err><![CDATA[]]></system-err>
</testsuite>
